2018-05-04 17:17:11.739  INFO 8872 --- [restartedMain] cn.xyy.springboot.SpringbootApplication  : Starting SpringbootApplication on Sun-PC with PID 8872 (D:\DTY\eclipse-mars\workspase\springboot\target\classes started by Sun in D:\DTY\eclipse-mars\workspase\springboot)
2018-05-04 17:17:11.740  INFO 8872 --- [restartedMain] cn.xyy.springboot.SpringbootApplication  : The following profiles are active: dev
2018-05-04 17:17:12.221  INFO 8872 --- [restartedMain] ationConfigEmbeddedWebApplicationContext : Refreshing org.springframework.boot.context.embedded.AnnotationConfigEmbeddedWebApplicationContext@2a1d557: startup date [Fri May 04 17:17:12 CST 2018]; root of context hierarchy
2018-05-04 17:17:14.488  INFO 8872 --- [restartedMain] .s.d.r.c.RepositoryConfigurationDelegate : Multiple Spring Data modules found, entering strict repository configuration mode!
2018-05-04 17:17:14.567  INFO 8872 --- [restartedMain] .s.d.r.c.RepositoryConfigurationDelegate : Multiple Spring Data modules found, entering strict repository configuration mode!
2018-05-04 17:17:15.758  INFO 8872 --- [restartedMain] trationDelegate$BeanPostProcessorChecker : Bean 'org.springframework.transaction.annotation.ProxyTransactionManagementConfiguration' of type [org.springframework.transaction.annotation.ProxyTransactionManagementConfiguration$$EnhancerBySpringCGLIB$$96835225] is not eligible for getting processed by all BeanPostProcessors (for example: not eligible for auto-proxying)
2018-05-04 17:17:17.179  INFO 8872 --- [restartedMain] s.b.c.e.t.TomcatEmbeddedServletContainer : Tomcat initialized with port(s): 80 (http)
2018-05-04 17:17:17.245  INFO 8872 --- [restartedMain] o.apache.catalina.core.StandardService   : Starting service [Tomcat]
2018-05-04 17:17:17.246  INFO 8872 --- [restartedMain] org.apache.catalina.core.StandardEngine  : Starting Servlet Engine: Apache Tomcat/8.5.29
2018-05-04 17:17:17.454  INFO 8872 --- [localhost-startStop-1] o.a.c.c.C.[Tomcat].[localhost].[/]       : Initializing Spring embedded WebApplicationContext
2018-05-04 17:17:17.454  INFO 8872 --- [localhost-startStop-1] o.s.web.context.ContextLoader            : Root WebApplicationContext: initialization completed in 5238 ms
2018-05-04 17:17:17.822  INFO 8872 --- [localhost-startStop-1] o.s.b.w.servlet.FilterRegistrationBean   : Mapping filter: 'characterEncodingFilter' to: [/*]
2018-05-04 17:17:17.823  INFO 8872 --- [localhost-startStop-1] o.s.b.w.servlet.FilterRegistrationBean   : Mapping filter: 'hiddenHttpMethodFilter' to: [/*]
2018-05-04 17:17:17.823  INFO 8872 --- [localhost-startStop-1] o.s.b.w.servlet.FilterRegistrationBean   : Mapping filter: 'httpPutFormContentFilter' to: [/*]
2018-05-04 17:17:17.823  INFO 8872 --- [localhost-startStop-1] o.s.b.w.servlet.FilterRegistrationBean   : Mapping filter: 'requestContextFilter' to: [/*]
2018-05-04 17:17:17.825  INFO 8872 --- [localhost-startStop-1] .s.DelegatingFilterProxyRegistrationBean : Mapping filter: 'springSecurityFilterChain' to: [/*]
2018-05-04 17:17:17.825  INFO 8872 --- [localhost-startStop-1] o.s.b.w.servlet.ServletRegistrationBean  : Mapping servlet: 'dispatcherServlet' to [/]
2018-05-04 17:17:20.241  INFO 8872 --- [restartedMain] o.s.aop.framework.CglibAopProxy          : Method [java.util.List springfox.documentation.schema.property.OptimizedModelPropertiesProvider.candidateProperties(com.fasterxml.classmate.ResolvedType,com.fasterxml.jackson.databind.introspect.AnnotatedMember,com.fasterxml.jackson.databind.introspect.BeanPropertyDefinition,springfox.documentation.spi.schema.contexts.ModelContext)] is package-visible across different ClassLoaders and cannot get proxied via CGLIB: Declare this method as public or protected if you need to support invocations through the proxy.
2018-05-04 17:17:20.743  INFO 8872 --- [restartedMain] s.w.s.m.m.a.RequestMappingHandlerMapping : Mapped "{[/]}" onto public java.lang.String cn.xyy.springboot.controller.IndexController.index()
2018-05-04 17:17:20.745  INFO 8872 --- [restartedMain] s.w.s.m.m.a.RequestMappingHandlerMapping : Mapped "{[/register]}" onto public java.lang.String cn.xyy.springboot.controller.RegisterController.register(java.lang.String)
2018-05-04 17:17:20.758  INFO 8872 --- [restartedMain] s.w.s.m.m.a.RequestMappingHandlerMapping : Mapped "{[/user/list],methods=[GET]}" onto public java.lang.String cn.xyy.springboot.controller.UserController.list(org.springframework.ui.Model)
2018-05-04 17:17:20.759  INFO 8872 --- [restartedMain] s.w.s.m.m.a.RequestMappingHandlerMapping : Mapped "{[/user/save],methods=[POST]}" onto public java.util.Map<java.lang.String, java.lang.Object> cn.xyy.springboot.controller.UserController.save(cn.xyy.springboot.domain.User)
2018-05-04 17:17:20.759  INFO 8872 --- [restartedMain] s.w.s.m.m.a.RequestMappingHandlerMapping : Mapped "{[/user/login/{username}/{password}],methods=[GET]}" onto public java.util.Map<java.lang.String, java.lang.Object> cn.xyy.springboot.controller.UserController.login(java.lang.String,java.lang.String)
2018-05-04 17:17:20.760  INFO 8872 --- [restartedMain] s.w.s.m.m.a.RequestMappingHandlerMapping : Mapped "{[/v2/api-docs],methods=[GET]}" onto public org.springframework.http.ResponseEntity<springfox.documentation.spring.web.json.Json> springfox.documentation.swagger2.web.Swagger2Controller.getDocumentation(java.lang.String)
2018-05-04 17:17:20.767  INFO 8872 --- [restartedMain] s.w.s.m.m.a.RequestMappingHandlerMapping : Mapped "{[/configuration/security]}" onto org.springframework.http.ResponseEntity<springfox.documentation.swagger.web.SecurityConfiguration> springfox.documentation.swagger.web.ApiResourceController.securityConfiguration()
2018-05-04 17:17:20.768  INFO 8872 --- [restartedMain] s.w.s.m.m.a.RequestMappingHandlerMapping : Mapped "{[/configuration/ui]}" onto org.springframework.http.ResponseEntity<springfox.documentation.swagger.web.UiConfiguration> springfox.documentation.swagger.web.ApiResourceController.uiConfiguration()
2018-05-04 17:17:20.769  INFO 8872 --- [restartedMain] s.w.s.m.m.a.RequestMappingHandlerMapping : Mapped "{[/swagger-resources]}" onto org.springframework.http.ResponseEntity<java.util.List<springfox.documentation.swagger.web.SwaggerResource>> springfox.documentation.swagger.web.ApiResourceController.swaggerResources()
2018-05-04 17:17:20.776  INFO 8872 --- [restartedMain] s.w.s.m.m.a.RequestMappingHandlerMapping : Mapped "{[/error]}" onto public org.springframework.http.ResponseEntity<java.util.Map<java.lang.String, java.lang.Object>> org.springframework.boot.autoconfigure.web.BasicErrorController.error(javax.servlet.http.HttpServletRequest)
2018-05-04 17:17:20.777  INFO 8872 --- [restartedMain] s.w.s.m.m.a.RequestMappingHandlerMapping : Mapped "{[/error],produces=[text/html]}" onto public org.springframework.web.servlet.ModelAndView org.springframework.boot.autoconfigure.web.BasicErrorController.errorHtml(javax.servlet.http.HttpServletRequest,javax.servlet.http.HttpServletResponse)
2018-05-04 17:17:21.766  INFO 8872 --- [restartedMain] s.w.s.m.m.a.RequestMappingHandlerAdapter : Looking for @ControllerAdvice: org.springframework.boot.context.embedded.AnnotationConfigEmbeddedWebApplicationContext@2a1d557: startup date [Fri May 04 17:17:12 CST 2018]; root of context hierarchy
2018-05-04 17:17:21.940  INFO 8872 --- [restartedMain] o.s.w.s.handler.SimpleUrlHandlerMapping  : Mapped URL path [/webjars/**] onto handler of type [class org.springframework.web.servlet.resource.ResourceHttpRequestHandler]
2018-05-04 17:17:21.940  INFO 8872 --- [restartedMain] o.s.w.s.handler.SimpleUrlHandlerMapping  : Mapped URL path [/**] onto handler of type [class org.springframework.web.servlet.resource.ResourceHttpRequestHandler]
2018-05-04 17:17:22.084  INFO 8872 --- [restartedMain] o.s.w.s.handler.SimpleUrlHandlerMapping  : Mapped URL path [/**/favicon.ico] onto handler of type [class org.springframework.web.servlet.resource.ResourceHttpRequestHandler]
2018-05-04 17:17:23.754  INFO 8872 --- [restartedMain] b.a.s.AuthenticationManagerConfiguration : 

Using default security password: 7e021392-64e9-4bbe-aa60-99f558cc5325

2018-05-04 17:17:23.877  INFO 8872 --- [restartedMain] o.s.s.web.DefaultSecurityFilterChain     : Creating filter chain: OrRequestMatcher [requestMatchers=[Ant [pattern='/css/**'], Ant [pattern='/js/**'], Ant [pattern='/images/**'], Ant [pattern='/webjars/**'], Ant [pattern='/**/favicon.ico'], Ant [pattern='/error']]], []
2018-05-04 17:17:24.146  INFO 8872 --- [restartedMain] o.s.s.web.DefaultSecurityFilterChain     : Creating filter chain: OrRequestMatcher [requestMatchers=[Ant [pattern='/**']]], [org.springframework.security.web.context.request.async.WebAsyncManagerIntegrationFilter@5ff9a199, org.springframework.security.web.context.SecurityContextPersistenceFilter@5f39ee05, org.springframework.security.web.header.HeaderWriterFilter@2d54a49f, org.springframework.security.web.authentication.logout.LogoutFilter@4d969b9, org.springframework.security.web.authentication.www.BasicAuthenticationFilter@7b1845d7, org.springframework.security.web.savedrequest.RequestCacheAwareFilter@6ddf39a3, org.springframework.security.web.servletapi.SecurityContextHolderAwareRequestFilter@6c8597c1, org.springframework.security.web.authentication.AnonymousAuthenticationFilter@7de07508, org.springframework.security.web.session.SessionManagementFilter@fa98cbd, org.springframework.security.web.access.ExceptionTranslationFilter@314d1fa3, org.springframework.security.web.access.intercept.FilterSecurityInterceptor@732f85fb]
2018-05-04 17:17:25.212  INFO 8872 --- [restartedMain] o.s.b.d.a.OptionalLiveReloadServer       : LiveReload server is running on port 35729
2018-05-04 17:17:25.853  INFO 8872 --- [restartedMain] o.s.j.e.a.AnnotationMBeanExporter        : Registering beans for JMX exposure on startup
2018-05-04 17:17:25.856  INFO 8872 --- [restartedMain] o.s.j.e.a.AnnotationMBeanExporter        : Bean with name 'primaryDataSource' has been autodetected for JMX exposure
2018-05-04 17:17:25.856  INFO 8872 --- [restartedMain] o.s.j.e.a.AnnotationMBeanExporter        : Bean with name 'secondaryDataSource' has been autodetected for JMX exposure
2018-05-04 17:17:25.867  INFO 8872 --- [restartedMain] o.s.j.e.a.AnnotationMBeanExporter        : Located MBean 'primaryDataSource': registering with JMX server as MBean [com.alibaba.druid.pool:name=primaryDataSource,type=DruidDataSource]
2018-05-04 17:17:25.872  INFO 8872 --- [restartedMain] o.s.j.e.a.AnnotationMBeanExporter        : Located MBean 'secondaryDataSource': registering with JMX server as MBean [com.alibaba.druid.pool:name=secondaryDataSource,type=DruidDataSource]
2018-05-04 17:17:25.999  INFO 8872 --- [restartedMain] d.s.w.p.DocumentationPluginsBootstrapper : Context refreshed
2018-05-04 17:17:26.041  INFO 8872 --- [restartedMain] d.s.w.p.DocumentationPluginsBootstrapper : Found {0} custom documentation plugin(s)
2018-05-04 17:17:26.059  INFO 8872 --- [restartedMain] s.d.s.w.s.ApiListingReferenceScanner     : Scanning for api listing references
2018-05-04 17:17:26.154  INFO 8872 --- [restartedMain] s.b.c.e.t.TomcatEmbeddedServletContainer : Tomcat started on port(s): 80 (http)
2018-05-04 17:17:26.172  INFO 8872 --- [restartedMain] cn.xyy.springboot.SpringbootApplication  : Started SpringbootApplication in 14.983 seconds (JVM running for 15.709)
2018-05-04 17:18:49.808  INFO 6708 --- [restartedMain] cn.xyy.springboot.SpringbootApplication  : Starting SpringbootApplication on Sun-PC with PID 6708 (D:\DTY\eclipse-mars\workspase\springboot\target\classes started by Sun in D:\DTY\eclipse-mars\workspase\springboot)
2018-05-04 17:18:49.810  INFO 6708 --- [restartedMain] cn.xyy.springboot.SpringbootApplication  : The following profiles are active: dev
2018-05-04 17:18:50.329  INFO 6708 --- [restartedMain] ationConfigEmbeddedWebApplicationContext : Refreshing org.springframework.boot.context.embedded.AnnotationConfigEmbeddedWebApplicationContext@7b7f9803: startup date [Fri May 04 17:18:50 CST 2018]; root of context hierarchy
2018-05-04 17:18:52.186  INFO 6708 --- [restartedMain] .s.d.r.c.RepositoryConfigurationDelegate : Multiple Spring Data modules found, entering strict repository configuration mode!
2018-05-04 17:18:52.259  INFO 6708 --- [restartedMain] .s.d.r.c.RepositoryConfigurationDelegate : Multiple Spring Data modules found, entering strict repository configuration mode!
2018-05-04 17:18:53.325  INFO 6708 --- [restartedMain] trationDelegate$BeanPostProcessorChecker : Bean 'org.springframework.transaction.annotation.ProxyTransactionManagementConfiguration' of type [org.springframework.transaction.annotation.ProxyTransactionManagementConfiguration$$EnhancerBySpringCGLIB$$9dcf12cb] is not eligible for getting processed by all BeanPostProcessors (for example: not eligible for auto-proxying)
2018-05-04 17:18:54.470  INFO 6708 --- [restartedMain] s.b.c.e.t.TomcatEmbeddedServletContainer : Tomcat initialized with port(s): 80 (http)
2018-05-04 17:18:54.516  INFO 6708 --- [restartedMain] o.apache.catalina.core.StandardService   : Starting service [Tomcat]
2018-05-04 17:18:54.516  INFO 6708 --- [restartedMain] org.apache.catalina.core.StandardEngine  : Starting Servlet Engine: Apache Tomcat/8.5.29
2018-05-04 17:18:54.696  INFO 6708 --- [localhost-startStop-1] o.a.c.c.C.[Tomcat].[localhost].[/]       : Initializing Spring embedded WebApplicationContext
2018-05-04 17:18:54.697  INFO 6708 --- [localhost-startStop-1] o.s.web.context.ContextLoader            : Root WebApplicationContext: initialization completed in 4373 ms
2018-05-04 17:18:54.982  INFO 6708 --- [localhost-startStop-1] o.s.b.w.servlet.ServletRegistrationBean  : Mapping servlet: 'dispatcherServlet' to [/]
2018-05-04 17:18:54.987  INFO 6708 --- [localhost-startStop-1] o.s.b.w.servlet.FilterRegistrationBean   : Mapping filter: 'characterEncodingFilter' to: [/*]
2018-05-04 17:18:54.987  INFO 6708 --- [localhost-startStop-1] o.s.b.w.servlet.FilterRegistrationBean   : Mapping filter: 'hiddenHttpMethodFilter' to: [/*]
2018-05-04 17:18:54.988  INFO 6708 --- [localhost-startStop-1] o.s.b.w.servlet.FilterRegistrationBean   : Mapping filter: 'httpPutFormContentFilter' to: [/*]
2018-05-04 17:18:54.988  INFO 6708 --- [localhost-startStop-1] o.s.b.w.servlet.FilterRegistrationBean   : Mapping filter: 'requestContextFilter' to: [/*]
2018-05-04 17:18:56.849  INFO 6708 --- [restartedMain] o.s.aop.framework.CglibAopProxy          : Method [java.util.List springfox.documentation.schema.property.OptimizedModelPropertiesProvider.candidateProperties(com.fasterxml.classmate.ResolvedType,com.fasterxml.jackson.databind.introspect.AnnotatedMember,com.fasterxml.jackson.databind.introspect.BeanPropertyDefinition,springfox.documentation.spi.schema.contexts.ModelContext)] is package-visible across different ClassLoaders and cannot get proxied via CGLIB: Declare this method as public or protected if you need to support invocations through the proxy.
2018-05-04 17:18:57.339  INFO 6708 --- [restartedMain] s.w.s.m.m.a.RequestMappingHandlerMapping : Mapped "{[/]}" onto public java.lang.String cn.xyy.springboot.controller.IndexController.index()
2018-05-04 17:18:57.342  INFO 6708 --- [restartedMain] s.w.s.m.m.a.RequestMappingHandlerMapping : Mapped "{[/register]}" onto public java.lang.String cn.xyy.springboot.controller.RegisterController.register(java.lang.String)
2018-05-04 17:18:57.352  INFO 6708 --- [restartedMain] s.w.s.m.m.a.RequestMappingHandlerMapping : Mapped "{[/user/list],methods=[GET]}" onto public java.lang.String cn.xyy.springboot.controller.UserController.list(org.springframework.ui.Model)
2018-05-04 17:18:57.353  INFO 6708 --- [restartedMain] s.w.s.m.m.a.RequestMappingHandlerMapping : Mapped "{[/user/save],methods=[POST]}" onto public java.util.Map<java.lang.String, java.lang.Object> cn.xyy.springboot.controller.UserController.save(cn.xyy.springboot.domain.User)
2018-05-04 17:18:57.354  INFO 6708 --- [restartedMain] s.w.s.m.m.a.RequestMappingHandlerMapping : Mapped "{[/user/login/{username}/{password}],methods=[GET]}" onto public java.util.Map<java.lang.String, java.lang.Object> cn.xyy.springboot.controller.UserController.login(java.lang.String,java.lang.String)
2018-05-04 17:18:57.356  INFO 6708 --- [restartedMain] s.w.s.m.m.a.RequestMappingHandlerMapping : Mapped "{[/v2/api-docs],methods=[GET]}" onto public org.springframework.http.ResponseEntity<springfox.documentation.spring.web.json.Json> springfox.documentation.swagger2.web.Swagger2Controller.getDocumentation(java.lang.String)
2018-05-04 17:18:57.364  INFO 6708 --- [restartedMain] s.w.s.m.m.a.RequestMappingHandlerMapping : Mapped "{[/configuration/security]}" onto org.springframework.http.ResponseEntity<springfox.documentation.swagger.web.SecurityConfiguration> springfox.documentation.swagger.web.ApiResourceController.securityConfiguration()
2018-05-04 17:18:57.365  INFO 6708 --- [restartedMain] s.w.s.m.m.a.RequestMappingHandlerMapping : Mapped "{[/configuration/ui]}" onto org.springframework.http.ResponseEntity<springfox.documentation.swagger.web.UiConfiguration> springfox.documentation.swagger.web.ApiResourceController.uiConfiguration()
2018-05-04 17:18:57.366  INFO 6708 --- [restartedMain] s.w.s.m.m.a.RequestMappingHandlerMapping : Mapped "{[/swagger-resources]}" onto org.springframework.http.ResponseEntity<java.util.List<springfox.documentation.swagger.web.SwaggerResource>> springfox.documentation.swagger.web.ApiResourceController.swaggerResources()
2018-05-04 17:18:57.373  INFO 6708 --- [restartedMain] s.w.s.m.m.a.RequestMappingHandlerMapping : Mapped "{[/error]}" onto public org.springframework.http.ResponseEntity<java.util.Map<java.lang.String, java.lang.Object>> org.springframework.boot.autoconfigure.web.BasicErrorController.error(javax.servlet.http.HttpServletRequest)
2018-05-04 17:18:57.374  INFO 6708 --- [restartedMain] s.w.s.m.m.a.RequestMappingHandlerMapping : Mapped "{[/error],produces=[text/html]}" onto public org.springframework.web.servlet.ModelAndView org.springframework.boot.autoconfigure.web.BasicErrorController.errorHtml(javax.servlet.http.HttpServletRequest,javax.servlet.http.HttpServletResponse)
2018-05-04 17:18:58.351  INFO 6708 --- [restartedMain] s.w.s.m.m.a.RequestMappingHandlerAdapter : Looking for @ControllerAdvice: org.springframework.boot.context.embedded.AnnotationConfigEmbeddedWebApplicationContext@7b7f9803: startup date [Fri May 04 17:18:50 CST 2018]; root of context hierarchy
2018-05-04 17:18:58.467  INFO 6708 --- [restartedMain] o.s.w.s.handler.SimpleUrlHandlerMapping  : Mapped URL path [/webjars/**] onto handler of type [class org.springframework.web.servlet.resource.ResourceHttpRequestHandler]
2018-05-04 17:18:58.468  INFO 6708 --- [restartedMain] o.s.w.s.handler.SimpleUrlHandlerMapping  : Mapped URL path [/**] onto handler of type [class org.springframework.web.servlet.resource.ResourceHttpRequestHandler]
2018-05-04 17:18:58.560  INFO 6708 --- [restartedMain] o.s.w.s.handler.SimpleUrlHandlerMapping  : Mapped URL path [/**/favicon.ico] onto handler of type [class org.springframework.web.servlet.resource.ResourceHttpRequestHandler]
2018-05-04 17:19:00.653  INFO 6708 --- [restartedMain] o.s.b.d.a.OptionalLiveReloadServer       : LiveReload server is running on port 35729
2018-05-04 17:19:01.213  INFO 6708 --- [restartedMain] o.s.j.e.a.AnnotationMBeanExporter        : Registering beans for JMX exposure on startup
2018-05-04 17:19:01.216  INFO 6708 --- [restartedMain] o.s.j.e.a.AnnotationMBeanExporter        : Bean with name 'primaryDataSource' has been autodetected for JMX exposure
2018-05-04 17:19:01.216  INFO 6708 --- [restartedMain] o.s.j.e.a.AnnotationMBeanExporter        : Bean with name 'secondaryDataSource' has been autodetected for JMX exposure
2018-05-04 17:19:01.231  INFO 6708 --- [restartedMain] o.s.j.e.a.AnnotationMBeanExporter        : Located MBean 'primaryDataSource': registering with JMX server as MBean [com.alibaba.druid.pool:name=primaryDataSource,type=DruidDataSource]
2018-05-04 17:19:01.235  INFO 6708 --- [restartedMain] o.s.j.e.a.AnnotationMBeanExporter        : Located MBean 'secondaryDataSource': registering with JMX server as MBean [com.alibaba.druid.pool:name=secondaryDataSource,type=DruidDataSource]
2018-05-04 17:19:01.360  INFO 6708 --- [restartedMain] d.s.w.p.DocumentationPluginsBootstrapper : Context refreshed
2018-05-04 17:19:01.390  INFO 6708 --- [restartedMain] d.s.w.p.DocumentationPluginsBootstrapper : Found {0} custom documentation plugin(s)
2018-05-04 17:19:01.403  INFO 6708 --- [restartedMain] s.d.s.w.s.ApiListingReferenceScanner     : Scanning for api listing references
2018-05-04 17:19:01.475  INFO 6708 --- [restartedMain] s.b.c.e.t.TomcatEmbeddedServletContainer : Tomcat started on port(s): 80 (http)
2018-05-04 17:19:01.492  INFO 6708 --- [restartedMain] cn.xyy.springboot.SpringbootApplication  : Started SpringbootApplication in 12.207 seconds (JVM running for 12.888)
2018-05-04 17:19:14.366  INFO 6708 --- [http-nio-80-exec-1] o.a.c.c.C.[Tomcat].[localhost].[/]       : Initializing Spring FrameworkServlet 'dispatcherServlet'
2018-05-04 17:19:14.366  INFO 6708 --- [http-nio-80-exec-1] o.s.web.servlet.DispatcherServlet        : FrameworkServlet 'dispatcherServlet': initialization started
2018-05-04 17:19:14.419  INFO 6708 --- [http-nio-80-exec-1] o.s.web.servlet.DispatcherServlet        : FrameworkServlet 'dispatcherServlet': initialization completed in 52 ms
